<?xml version="1.0" encoding="UTF-8"?>
<!-- Generated by org.testng.reporters.JUnitReportReporter -->
<testsuite hostname="DEVANSH-A" failures="0" tests="1" name="stepDefinitions.BigWin" time="71.299" errors="0" timestamp="2025-09-24T17:11:52 IST" skipped="0">
  <testcase classname="stepDefinitions.BigWin" name="test1" time="71.299"/>
</testsuite> <!-- stepDefinitions.BigWin -->
