<?xml version="1.0" encoding="UTF-8"?>
<!-- Generated by org.testng.reporters.JUnitReportReporter -->
<testsuite hostname="DEVANSH-A" failures="0" tests="1" name="automationScripts.BigWin" time="69.917" errors="0" timestamp="2025-09-19T18:37:42 IST" skipped="0">
  <testcase classname="automationScripts.BigWin" name="test1" time="69.917"/>
</testsuite> <!-- automationScripts.BigWin -->
